============================================================
  Generated by:           Genus(TM) Synthesis Solution 19.13-s073_1
  Generated on:           Aug 03 2020  11:08:33 pm
  Module:                 Bound_Flasher
  Technology libraries:   slow_1v0 
                          pll 0.0
                          CDK_S128x16 0.0
                          CDK_S256x16 0.0
                          CDK_R512x16 0.0
                          physical_cells 
  Operating conditions:   slow 
  Interconnect mode:      global
  Area mode:              physical library
============================================================

Timing
--------

Clock Period 
-------------
clk   1100.0 


  Cost    Critical         Violating 
 Group   Path Slack  TNS     Paths   
-------------------------------------
clk             0.8   0.0          0 
default    No paths   0.0            
-------------------------------------
Total                 0.0          0 

Instance Count
--------------
Leaf Instance Count             163 
Physical Instance count           0 
Sequential Instance Count        42 
Combinational Instance Count    121 
Hierarchical Instance Count       0 

Area
----
Cell Area                          706.709
Physical Cell Area                 0.000
Total Cell Area (Cell+Physical)    706.709
Net Area                           200.493
Total Area (Cell+Physical+Net)     907.202

Runtime                            0.0 seconds
Elapsed Runtime                    36 seconds
Genus peak memory usage            1101.41 
Innovus peak memory usage          no_value 
Hostname                           localhost
